TN:
SF:/home/anka/web-projects/videoPlayer/src/app.js
FN:3,(anonymous_0)
FN:12,(anonymous_1)
FN:14,(anonymous_2)
FN:19,(anonymous_3)
FN:22,(anonymous_4)
FN:26,(anonymous_5)
FN:27,(anonymous_6)
FN:34,(anonymous_7)
FN:38,(anonymous_8)
FN:42,(anonymous_9)
FN:48,(anonymous_10)
FN:57,(anonymous_11)
FNF:12
FNH:5
FNDA:5,(anonymous_0)
FNDA:0,(anonymous_1)
FNDA:1,(anonymous_2)
FNDA:0,(anonymous_3)
FNDA:1,(anonymous_4)
FNDA:0,(anonymous_5)
FNDA:1,(anonymous_6)
FNDA:0,(anonymous_7)
FNDA:0,(anonymous_8)
FNDA:0,(anonymous_9)
FNDA:1,(anonymous_10)
FNDA:0,(anonymous_11)
DA:4,5
DA:5,5
DA:6,5
DA:7,5
DA:8,5
DA:9,5
DA:10,5
DA:12,5
DA:14,5
DA:15,1
DA:16,1
DA:19,5
DA:20,0
DA:22,5
DA:23,1
DA:24,1
DA:26,5
DA:27,5
DA:28,1
DA:29,1
DA:32,5
DA:34,5
DA:35,0
DA:38,5
DA:39,0
DA:42,5
DA:43,0
DA:44,0
DA:45,0
DA:48,5
DA:49,1
DA:50,1
DA:51,1
DA:53,0
DA:57,5
DA:58,0
DA:59,0
LF:37
LH:28
BRDA:12,0,0,0
BRDA:12,0,1,0
BRDA:50,1,0,1
BRDA:50,1,1,0
BRF:4
BRH:1
end_of_record
TN:
SF:/home/anka/web-projects/videoPlayer/src/index.js
FNF:0
FNH:0
DA:7,0
LF:1
LH:0
BRF:0
BRH:0
end_of_record
